# JRE version: Java(TM) SE Runtime Environment (7.0_45-b18) (build 1.7.0_45-b18)
# Java VM: Java HotSpot(TM) Client VM (24.45-b08 mixed mode windows-x86 )
Heap
 def new generation   total 4928K, used 4625K [0x03a30000, 0x03f80000, 0x18f80000)
  eden space 4416K,  93% used [0x03a30000, 0x03e344a0, 0x03e80000)
  from space 512K, 100% used [0x03e80000, 0x03f00000, 0x03f00000)
  to   space 512K,   0% used [0x03f00000, 0x03f00000, 0x03f80000)
 tenured generation   total 10944K, used 2455K [0x18f80000, 0x19a30000, 0x43a30000)
   the space 10944K,  22% used [0x18f80000, 0x191e5e28, 0x191e6000, 0x19a30000)
 compacting perm gen  total 12288K, used 3515K [0x43a30000, 0x44630000, 0x47a30000)
   the space 12288K,  28% used [0x43a30000, 0x43d9eeb8, 0x43d9f000, 0x44630000)
GC Heap History (4 events):
Event: 2.069 GC heap before
{Heap before GC invocations=0 (full 0):
 def new generation   total 4928K, used 4416K [0x03a30000, 0x03f80000, 0x18f80000)
  eden space 4416K, 100% used [0x03a30000, 0x03e80000, 0x03e80000)
  from space 512K,   0% used [0x03e80000, 0x03e80000, 0x03f00000)
  to   space 512K,   0% used [0x03f00000, 0x03f00000, 0x03f80000)
 tenured generation   total 10944K, used 0K [0x18f80000, 0x19a30000, 0x43a30000)
   the space 10944K,   0% used [0x18f80000, 0x18f80000, 0x18f80200, 0x19a30000)
 compacting perm gen  total 12288K, used 2680K [0x43a30000, 0x44630000, 0x47a30000)
   the space 12288K,  21% used [0x43a30000, 0x43cce350, 0x43cce400, 0x44630000)
No shared spaces configured.
Event: 2.077 GC heap after
Heap after GC invocations=1 (full 0):
 def new generation   total 4928K, used 512K [0x03a30000, 0x03f80000, 0x18f80000)
  eden space 4416K,   0% used [0x03a30000, 0x03a30000, 0x03e80000)
  from space 512K, 100% used [0x03f00000, 0x03f80000, 0x03f80000)
  to   space 512K,   0% used [0x03e80000, 0x03e80000, 0x03f00000)
 tenured generation   total 10944K, used 1045K [0x18f80000, 0x19a30000, 0x43a30000)
   the space 10944K,   9% used [0x18f80000, 0x190855d0, 0x19085600, 0x19a30000)
 compacting perm gen  total 12288K, used 2680K [0x43a30000, 0x44630000, 0x47a30000)
   the space 12288K,  21% used [0x43a30000, 0x43cce350, 0x43cce400, 0x44630000)
No shared spaces configured.
}
Event: 2.252 GC heap before
{Heap before GC invocations=1 (full 0):
 def new generation   total 4928K, used 4928K [0x03a30000, 0x03f80000, 0x18f80000)
  eden space 4416K, 100% used [0x03a30000, 0x03e80000, 0x03e80000)
  from space 512K, 100% used [0x03f00000, 0x03f80000, 0x03f80000)
  to   space 512K,   0% used [0x03e80000, 0x03e80000, 0x03f00000)
 tenured generation   total 10944K, used 1045K [0x18f80000, 0x19a30000, 0x43a30000)
   the space 10944K,   9% used [0x18f80000, 0x190855d0, 0x19085600, 0x19a30000)
 compacting perm gen  total 12288K, used 3416K [0x43a30000, 0x44630000, 0x47a30000)
   the space 12288K,  27% used [0x43a30000, 0x43d861a0, 0x43d86200, 0x44630000)
No shared spaces configured.
Event: 2.261 GC heap after
Heap after GC invocations=2 (full 0):
 def new generation   total 4928K, used 512K [0x03a30000, 0x03f80000, 0x18f80000)
  eden space 4416K,   0% used [0x03a30000, 0x03a30000, 0x03e80000)
  from space 512K, 100% used [0x03e80000, 0x03f00000, 0x03f00000)
  to   space 512K,   0% used [0x03f00000, 0x03f00000, 0x03f80000)
 tenured generation   total 10944K, used 2455K [0x18f80000, 0x19a30000, 0x43a30000)
   the space 10944K,  22% used [0x18f80000, 0x191e5e28, 0x191e6000, 0x19a30000)
 compacting perm gen  total 12288K, used 3416K [0x43a30000, 0x44630000, 0x47a30000)
   the space 12288K,  27% used [0x43a30000, 0x43d861a0, 0x43d86200, 0x44630000)
No shared spaces configured.
}

